mode: set
github.com/Behzod01/wallet/pkg/wallet/service.go:21.29,23.2 1 0
github.com/Behzod01/wallet/pkg/wallet/service.go:25.38,27.2 1 0
github.com/Behzod01/wallet/pkg/wallet/service.go:43.78,44.37 1 1
github.com/Behzod01/wallet/pkg/wallet/service.go:49.2,56.21 4 1
github.com/Behzod01/wallet/pkg/wallet/service.go:44.37,45.29 1 1
github.com/Behzod01/wallet/pkg/wallet/service.go:45.29,47.4 1 1
github.com/Behzod01/wallet/pkg/wallet/service.go:59.70,60.17 1 1
github.com/Behzod01/wallet/pkg/wallet/service.go:64.2,65.33 2 1
github.com/Behzod01/wallet/pkg/wallet/service.go:72.2,72.20 1 1
github.com/Behzod01/wallet/pkg/wallet/service.go:77.2,78.12 2 1
github.com/Behzod01/wallet/pkg/wallet/service.go:60.17,62.3 1 1
github.com/Behzod01/wallet/pkg/wallet/service.go:65.33,66.26 1 1
github.com/Behzod01/wallet/pkg/wallet/service.go:66.26,68.9 2 1
github.com/Behzod01/wallet/pkg/wallet/service.go:72.20,74.3 1 0
github.com/Behzod01/wallet/pkg/wallet/service.go:81.116,82.17 1 1
github.com/Behzod01/wallet/pkg/wallet/service.go:86.2,87.33 2 1
github.com/Behzod01/wallet/pkg/wallet/service.go:93.2,93.20 1 1
github.com/Behzod01/wallet/pkg/wallet/service.go:96.2,96.30 1 1
github.com/Behzod01/wallet/pkg/wallet/service.go:99.2,109.21 5 1
github.com/Behzod01/wallet/pkg/wallet/service.go:82.17,84.3 1 0
github.com/Behzod01/wallet/pkg/wallet/service.go:87.33,88.26 1 1
github.com/Behzod01/wallet/pkg/wallet/service.go:88.26,90.9 2 1
github.com/Behzod01/wallet/pkg/wallet/service.go:93.20,95.3 1 0
github.com/Behzod01/wallet/pkg/wallet/service.go:96.30,98.3 1 0
github.com/Behzod01/wallet/pkg/wallet/service.go:112.76,113.37 1 1
github.com/Behzod01/wallet/pkg/wallet/service.go:118.2,118.32 1 0
github.com/Behzod01/wallet/pkg/wallet/service.go:113.37,114.30 1 1
github.com/Behzod01/wallet/pkg/wallet/service.go:114.30,116.4 1 1
github.com/Behzod01/wallet/pkg/wallet/service.go:121.77,122.37 1 1
github.com/Behzod01/wallet/pkg/wallet/service.go:127.2,127.32 1 1
github.com/Behzod01/wallet/pkg/wallet/service.go:122.37,123.30 1 1
github.com/Behzod01/wallet/pkg/wallet/service.go:123.30,125.4 1 1
github.com/Behzod01/wallet/pkg/wallet/service.go:130.50,132.16 2 1
github.com/Behzod01/wallet/pkg/wallet/service.go:135.2,136.16 2 1
github.com/Behzod01/wallet/pkg/wallet/service.go:139.2,141.12 3 1
github.com/Behzod01/wallet/pkg/wallet/service.go:132.16,134.3 1 0
github.com/Behzod01/wallet/pkg/wallet/service.go:136.16,138.3 1 0
github.com/Behzod01/wallet/pkg/wallet/service.go:144.68,146.16 2 1
github.com/Behzod01/wallet/pkg/wallet/service.go:149.2,150.16 2 1
github.com/Behzod01/wallet/pkg/wallet/service.go:154.2,154.21 1 1
github.com/Behzod01/wallet/pkg/wallet/service.go:146.16,148.3 1 0
github.com/Behzod01/wallet/pkg/wallet/service.go:150.16,152.3 1 0
github.com/Behzod01/wallet/pkg/wallet/service.go:157.91,159.16 2 1
github.com/Behzod01/wallet/pkg/wallet/service.go:163.2,171.22 3 1
github.com/Behzod01/wallet/pkg/wallet/service.go:159.16,161.3 1 1
github.com/Behzod01/wallet/pkg/wallet/service.go:174.78,177.16 2 1
github.com/Behzod01/wallet/pkg/wallet/service.go:180.2,182.16 2 1
github.com/Behzod01/wallet/pkg/wallet/service.go:186.2,186.17 1 1
github.com/Behzod01/wallet/pkg/wallet/service.go:177.16,179.3 1 1
github.com/Behzod01/wallet/pkg/wallet/service.go:182.16,184.3 1 0
github.com/Behzod01/wallet/pkg/wallet/service.go:189.80,193.34 2 1
github.com/Behzod01/wallet/pkg/wallet/service.go:201.2,201.21 1 1
github.com/Behzod01/wallet/pkg/wallet/service.go:204.2,204.22 1 1
github.com/Behzod01/wallet/pkg/wallet/service.go:193.34,195.27 1 1
github.com/Behzod01/wallet/pkg/wallet/service.go:195.27,197.9 2 1
github.com/Behzod01/wallet/pkg/wallet/service.go:201.21,203.3 1 1
github.com/Behzod01/wallet/pkg/wallet/service.go:207.51,211.16 3 1
github.com/Behzod01/wallet/pkg/wallet/service.go:215.2,215.15 1 0
github.com/Behzod01/wallet/pkg/wallet/service.go:222.2,222.37 1 0
github.com/Behzod01/wallet/pkg/wallet/service.go:227.2,228.16 2 0
github.com/Behzod01/wallet/pkg/wallet/service.go:233.2,233.12 1 0
github.com/Behzod01/wallet/pkg/wallet/service.go:211.16,214.3 2 1
github.com/Behzod01/wallet/pkg/wallet/service.go:215.15,217.17 2 0
github.com/Behzod01/wallet/pkg/wallet/service.go:217.17,219.4 1 0
github.com/Behzod01/wallet/pkg/wallet/service.go:222.37,226.3 3 0
github.com/Behzod01/wallet/pkg/wallet/service.go:228.16,231.3 2 0
github.com/Behzod01/wallet/pkg/wallet/service.go:236.53,238.16 2 1
github.com/Behzod01/wallet/pkg/wallet/service.go:243.2,246.6 3 0
github.com/Behzod01/wallet/pkg/wallet/service.go:258.2,263.35 4 0
github.com/Behzod01/wallet/pkg/wallet/service.go:287.2,287.12 1 0
github.com/Behzod01/wallet/pkg/wallet/service.go:238.16,241.3 2 1
github.com/Behzod01/wallet/pkg/wallet/service.go:246.6,248.20 2 0
github.com/Behzod01/wallet/pkg/wallet/service.go:252.3,252.17 1 0
github.com/Behzod01/wallet/pkg/wallet/service.go:256.3,256.43 1 0
github.com/Behzod01/wallet/pkg/wallet/service.go:248.20,250.9 2 0
github.com/Behzod01/wallet/pkg/wallet/service.go:252.17,255.4 2 0
github.com/Behzod01/wallet/pkg/wallet/service.go:263.35,268.17 3 0
github.com/Behzod01/wallet/pkg/wallet/service.go:273.3,276.17 3 0
github.com/Behzod01/wallet/pkg/wallet/service.go:281.3,285.5 1 0
github.com/Behzod01/wallet/pkg/wallet/service.go:268.17,271.4 2 0
github.com/Behzod01/wallet/pkg/wallet/service.go:276.17,279.4 2 0
github.com/Behzod01/wallet/pkg/wallet/service.go:290.44,292.25 1 1
github.com/Behzod01/wallet/pkg/wallet/service.go:314.2,314.25 1 1
github.com/Behzod01/wallet/pkg/wallet/service.go:339.2,339.26 1 1
github.com/Behzod01/wallet/pkg/wallet/service.go:363.2,363.12 1 1
github.com/Behzod01/wallet/pkg/wallet/service.go:292.25,294.17 2 1
github.com/Behzod01/wallet/pkg/wallet/service.go:298.3,298.16 1 1
github.com/Behzod01/wallet/pkg/wallet/service.go:305.3,306.38 2 1
github.com/Behzod01/wallet/pkg/wallet/service.go:311.3,311.27 1 1
github.com/Behzod01/wallet/pkg/wallet/service.go:294.17,297.4 2 1
github.com/Behzod01/wallet/pkg/wallet/service.go:298.16,299.41 1 1
github.com/Behzod01/wallet/pkg/wallet/service.go:299.41,300.19 1 0
github.com/Behzod01/wallet/pkg/wallet/service.go:300.19,302.6 1 0
github.com/Behzod01/wallet/pkg/wallet/service.go:306.38,310.4 3 1
github.com/Behzod01/wallet/pkg/wallet/service.go:314.25,316.17 2 1
github.com/Behzod01/wallet/pkg/wallet/service.go:320.3,320.16 1 1
github.com/Behzod01/wallet/pkg/wallet/service.go:328.3,329.38 2 1
github.com/Behzod01/wallet/pkg/wallet/service.go:336.3,336.26 1 1
github.com/Behzod01/wallet/pkg/wallet/service.go:316.17,319.4 2 0
github.com/Behzod01/wallet/pkg/wallet/service.go:320.16,321.40 1 1
github.com/Behzod01/wallet/pkg/wallet/service.go:321.40,322.19 1 0
github.com/Behzod01/wallet/pkg/wallet/service.go:322.19,324.6 1 0
github.com/Behzod01/wallet/pkg/wallet/service.go:329.38,335.4 5 1
github.com/Behzod01/wallet/pkg/wallet/service.go:339.26,341.17 2 1
github.com/Behzod01/wallet/pkg/wallet/service.go:345.3,345.16 1 1
github.com/Behzod01/wallet/pkg/wallet/service.go:353.3,354.40 2 1
github.com/Behzod01/wallet/pkg/wallet/service.go:361.3,361.28 1 1
github.com/Behzod01/wallet/pkg/wallet/service.go:341.17,344.4 2 0
github.com/Behzod01/wallet/pkg/wallet/service.go:345.16,346.42 1 1
github.com/Behzod01/wallet/pkg/wallet/service.go:346.42,347.19 1 0
github.com/Behzod01/wallet/pkg/wallet/service.go:347.19,349.6 1 0
github.com/Behzod01/wallet/pkg/wallet/service.go:354.40,360.4 5 1
github.com/Behzod01/wallet/pkg/wallet/service.go:366.44,369.16 2 1
github.com/Behzod01/wallet/pkg/wallet/service.go:403.2,405.16 2 1
github.com/Behzod01/wallet/pkg/wallet/service.go:444.2,446.16 2 1
github.com/Behzod01/wallet/pkg/wallet/service.go:481.2,481.12 1 1
github.com/Behzod01/wallet/pkg/wallet/service.go:369.16,371.17 2 0
github.com/Behzod01/wallet/pkg/wallet/service.go:375.3,378.24 3 0
github.com/Behzod01/wallet/pkg/wallet/service.go:381.3,381.36 1 0
github.com/Behzod01/wallet/pkg/wallet/service.go:371.17,374.4 2 0
github.com/Behzod01/wallet/pkg/wallet/service.go:378.24,380.4 1 0
github.com/Behzod01/wallet/pkg/wallet/service.go:381.36,384.18 3 0
github.com/Behzod01/wallet/pkg/wallet/service.go:388.4,390.18 3 0
github.com/Behzod01/wallet/pkg/wallet/service.go:394.4,398.6 1 0
github.com/Behzod01/wallet/pkg/wallet/service.go:384.18,387.5 2 0
github.com/Behzod01/wallet/pkg/wallet/service.go:390.18,393.5 2 0
github.com/Behzod01/wallet/pkg/wallet/service.go:405.16,407.17 2 0
github.com/Behzod01/wallet/pkg/wallet/service.go:411.3,414.24 3 0
github.com/Behzod01/wallet/pkg/wallet/service.go:417.3,417.36 1 0
github.com/Behzod01/wallet/pkg/wallet/service.go:407.17,410.4 2 0
github.com/Behzod01/wallet/pkg/wallet/service.go:414.24,416.4 1 0
github.com/Behzod01/wallet/pkg/wallet/service.go:417.36,421.18 4 0
github.com/Behzod01/wallet/pkg/wallet/service.go:425.4,426.18 2 0
github.com/Behzod01/wallet/pkg/wallet/service.go:430.4,438.6 3 0
github.com/Behzod01/wallet/pkg/wallet/service.go:421.18,424.5 2 0
github.com/Behzod01/wallet/pkg/wallet/service.go:426.18,429.5 2 0
github.com/Behzod01/wallet/pkg/wallet/service.go:446.16,448.17 2 0
github.com/Behzod01/wallet/pkg/wallet/service.go:452.3,454.25 3 0
github.com/Behzod01/wallet/pkg/wallet/service.go:457.3,457.38 1 0
github.com/Behzod01/wallet/pkg/wallet/service.go:448.17,451.4 2 0
github.com/Behzod01/wallet/pkg/wallet/service.go:454.25,456.4 1 0
github.com/Behzod01/wallet/pkg/wallet/service.go:457.38,461.18 4 0
github.com/Behzod01/wallet/pkg/wallet/service.go:465.4,467.18 3 0
github.com/Behzod01/wallet/pkg/wallet/service.go:471.4,478.6 2 0
github.com/Behzod01/wallet/pkg/wallet/service.go:461.18,464.5 2 0
github.com/Behzod01/wallet/pkg/wallet/service.go:467.18,470.5 2 0
github.com/Behzod01/wallet/pkg/wallet/service.go:556.58,562.19 4 0
github.com/Behzod01/wallet/pkg/wallet/service.go:630.1,630.11 1 0
github.com/Behzod01/wallet/pkg/wallet/service.go:562.19,564.12 2 0
github.com/Behzod01/wallet/pkg/wallet/service.go:578.2,578.11 1 0
github.com/Behzod01/wallet/pkg/wallet/service.go:564.12,569.38 3 0
github.com/Behzod01/wallet/pkg/wallet/service.go:573.3,575.11 3 0
github.com/Behzod01/wallet/pkg/wallet/service.go:569.38,572.4 1 0
github.com/Behzod01/wallet/pkg/wallet/service.go:579.10,590.37 6 0
github.com/Behzod01/wallet/pkg/wallet/service.go:612.2,614.12 2 0
github.com/Behzod01/wallet/pkg/wallet/service.go:627.2,628.12 2 0
github.com/Behzod01/wallet/pkg/wallet/service.go:590.37,593.21 2 0
github.com/Behzod01/wallet/pkg/wallet/service.go:593.21,601.36 4 0
github.com/Behzod01/wallet/pkg/wallet/service.go:605.3,607.11 3 0
github.com/Behzod01/wallet/pkg/wallet/service.go:601.36,604.4 1 0
github.com/Behzod01/wallet/pkg/wallet/service.go:614.12,618.38 4 0
github.com/Behzod01/wallet/pkg/wallet/service.go:622.3,624.11 3 0
github.com/Behzod01/wallet/pkg/wallet/service.go:618.38,621.4 1 0
