mode: set
github.com/Behzod01/wallet/pkg/wallet/service.go:15.29,17.2 1 0
github.com/Behzod01/wallet/pkg/wallet/service.go:19.38,21.2 1 0
github.com/Behzod01/wallet/pkg/wallet/service.go:35.78,36.37 1 1
github.com/Behzod01/wallet/pkg/wallet/service.go:41.2,48.21 4 1
github.com/Behzod01/wallet/pkg/wallet/service.go:36.37,37.29 1 0
github.com/Behzod01/wallet/pkg/wallet/service.go:37.29,39.4 1 0
github.com/Behzod01/wallet/pkg/wallet/service.go:51.70,52.17 1 1
github.com/Behzod01/wallet/pkg/wallet/service.go:56.2,57.33 2 1
github.com/Behzod01/wallet/pkg/wallet/service.go:64.2,64.20 1 1
github.com/Behzod01/wallet/pkg/wallet/service.go:69.2,70.12 2 1
github.com/Behzod01/wallet/pkg/wallet/service.go:52.17,54.3 1 0
github.com/Behzod01/wallet/pkg/wallet/service.go:57.33,58.26 1 1
github.com/Behzod01/wallet/pkg/wallet/service.go:58.26,60.9 2 1
github.com/Behzod01/wallet/pkg/wallet/service.go:64.20,66.3 1 0
github.com/Behzod01/wallet/pkg/wallet/service.go:73.116,74.17 1 1
github.com/Behzod01/wallet/pkg/wallet/service.go:78.2,79.33 2 1
github.com/Behzod01/wallet/pkg/wallet/service.go:85.2,85.20 1 1
github.com/Behzod01/wallet/pkg/wallet/service.go:88.2,88.30 1 1
github.com/Behzod01/wallet/pkg/wallet/service.go:91.2,101.21 5 1
github.com/Behzod01/wallet/pkg/wallet/service.go:74.17,76.3 1 0
github.com/Behzod01/wallet/pkg/wallet/service.go:79.33,80.26 1 1
github.com/Behzod01/wallet/pkg/wallet/service.go:80.26,82.9 2 1
github.com/Behzod01/wallet/pkg/wallet/service.go:85.20,87.3 1 0
github.com/Behzod01/wallet/pkg/wallet/service.go:88.30,90.3 1 0
github.com/Behzod01/wallet/pkg/wallet/service.go:104.76,105.37 1 1
github.com/Behzod01/wallet/pkg/wallet/service.go:110.2,110.32 1 0
github.com/Behzod01/wallet/pkg/wallet/service.go:105.37,106.30 1 1
github.com/Behzod01/wallet/pkg/wallet/service.go:106.30,108.4 1 1
github.com/Behzod01/wallet/pkg/wallet/service.go:113.77,114.37 1 1
github.com/Behzod01/wallet/pkg/wallet/service.go:119.2,119.32 1 1
github.com/Behzod01/wallet/pkg/wallet/service.go:114.37,115.30 1 1
github.com/Behzod01/wallet/pkg/wallet/service.go:115.30,117.4 1 1
github.com/Behzod01/wallet/pkg/wallet/service.go:122.50,124.16 2 1
github.com/Behzod01/wallet/pkg/wallet/service.go:127.2,128.16 2 1
github.com/Behzod01/wallet/pkg/wallet/service.go:131.2,133.12 3 1
github.com/Behzod01/wallet/pkg/wallet/service.go:124.16,126.3 1 0
github.com/Behzod01/wallet/pkg/wallet/service.go:128.16,130.3 1 0
github.com/Behzod01/wallet/pkg/wallet/service.go:140.36,142.2 1 1
github.com/Behzod01/wallet/pkg/wallet/service.go:179.94,182.16 2 1
github.com/Behzod01/wallet/pkg/wallet/service.go:187.2,188.16 2 1
github.com/Behzod01/wallet/pkg/wallet/service.go:194.2,195.40 2 1
github.com/Behzod01/wallet/pkg/wallet/service.go:202.2,202.31 1 1
github.com/Behzod01/wallet/pkg/wallet/service.go:182.16,184.3 1 0
github.com/Behzod01/wallet/pkg/wallet/service.go:188.16,190.3 1 0
github.com/Behzod01/wallet/pkg/wallet/service.go:195.40,198.17 2 1
github.com/Behzod01/wallet/pkg/wallet/service.go:198.17,200.4 1 0
